<?xml version="1.0" encoding="UTF-8"?>
<!-- Generated by org.testng.reporters.JUnitXMLReporter -->
<testsuite ignored="0" hostname="app953800046" failures="0" tests="2" name="Default test" time="188.652" errors="0" timestamp="2022-12-27T14:27:38 IST">
  <testcase classname="TestCases.TC_01_CreateAccount" name="Varify_Password_Field_Error01" time="35.066"/>
  <testcase classname="TestCases.TC_01_CreateAccount" name="Varify_Password_Field_Error02" time="116.411"/>
</testsuite> <!-- Default test -->
